[2025-11-30 22:11:31] [ERROR] [TASK_EXECUTOR] No command specified for task: wash_clothes
[2025-11-30 22:14:46] [ERROR] [TASK_EXECUTOR] No command specified for task: wash_clothes
