[2025-11-30 22:07:40] [ERROR] [TASK_EXECUTOR] Task not found: wash_clothes
[2025-11-30 22:09:24] [ERROR] [TASK_EXECUTOR] Task not found: wash_clothes
